[WARN] [2019-09-09 15:49:22.000149][air.kanna.mystorage.App.main(App.java:16)] - Hello World!
[INFO] [2019-09-09 16:32:25.000949][air.kanna.mystorage.App.main(App.java:22)] - 4a9543150bf9dea86deff121b778316c
[WARN] [2019-09-09 16:32:25.000951][air.kanna.mystorage.App.main(App.java:27)] - Hello World!
[INFO] [2019-09-09 16:33:36.000406][air.kanna.mystorage.App.main(App.java:24)] - use 5 ms.
[INFO] [2019-09-09 16:33:36.000408][air.kanna.mystorage.App.main(App.java:25)] - 4a9543150bf9dea86deff121b778316c
[WARN] [2019-09-09 16:33:36.000409][air.kanna.mystorage.App.main(App.java:31)] - Hello World!
[WARN] [2019-09-09 16:34:02.000201][air.kanna.mystorage.App.main(App.java:32)] - Hello World!
[INFO] [2019-09-09 16:35:38.000707][air.kanna.mystorage.App.main(App.java:25)] - use 0 ms.
[INFO] [2019-09-09 16:35:38.000707][air.kanna.mystorage.App.main(App.java:26)] - 4a9543150bf9dea86deff121b778316c
[INFO] [2019-09-09 16:35:49.000707][air.kanna.mystorage.App.main(App.java:25)] - use 0 ms.
[INFO] [2019-09-09 16:35:49.000707][air.kanna.mystorage.App.main(App.java:26)] - 4a9543150bf9dea86deff121b778316c
[INFO] [2019-09-09 16:37:01.000050][air.kanna.mystorage.App.main(App.java:28)] - use 4 ms.
[INFO] [2019-09-09 16:37:01.000052][air.kanna.mystorage.App.main(App.java:29)] - 4a9543150bf9dea86deff121b778316c
[INFO] [2019-09-09 16:37:01.000052][air.kanna.mystorage.App.main(App.java:33)] - use 0 ms.
[INFO] [2019-09-09 16:37:01.000053][air.kanna.mystorage.App.main(App.java:34)] - 8olbbvj6ti6k4s0c3hk7rhin3m3ditvlnrka9p206t355ef824u
[INFO] [2019-09-09 16:37:26.000569][air.kanna.mystorage.App.main(App.java:29)] - use 0 ms.
[INFO] [2019-09-09 16:37:26.000569][air.kanna.mystorage.App.main(App.java:30)] - 4a9543150bf9dea86deff121b778316c
[INFO] [2019-09-09 16:37:26.000569][air.kanna.mystorage.App.main(App.java:34)] - use 0 ms.
[INFO] [2019-09-09 16:37:26.000569][air.kanna.mystorage.App.main(App.java:35)] - 8olbbvj6ti6k4s0c3hk7rhin3m3ditvlnrka9p206t355ef824u
[INFO] [2019-09-09 16:41:07.000357][air.kanna.mystorage.App.main(App.java:30)] - use 0 ms.
[INFO] [2019-09-09 16:41:07.000357][air.kanna.mystorage.App.main(App.java:31)] - 4a9543150bf9dea86deff121b778316c
[INFO] [2019-09-09 16:41:07.000367][air.kanna.mystorage.App.main(App.java:35)] - use 0 ms.
[INFO] [2019-09-09 16:41:07.000367][air.kanna.mystorage.App.main(App.java:36)] - 8olbbvj6ti6k4s0c3hk7rhin3m3ditvlnrka9p206t355ef824u
[INFO] [2019-09-09 16:44:06.000952][air.kanna.mystorage.App.main(App.java:40)] - use 0 ms.
[INFO] [2019-09-09 16:44:06.000952][air.kanna.mystorage.App.main(App.java:41)] - 3f1b799da9c24e1f90b8c7a1a03bd513
[INFO] [2019-09-09 16:44:06.000968][air.kanna.mystorage.App.main(App.java:45)] - use 16 ms.
[INFO] [2019-09-09 16:44:06.000968][air.kanna.mystorage.App.main(App.java:46)] - umekvfeolu5rbh5t72foc05k5r6nkkro4p0bubtuhnut2uffaue
[INFO] [2019-09-09 16:44:48.000966][air.kanna.mystorage.App.main(App.java:40)] - use 15500 ms.
[INFO] [2019-09-09 16:44:49.000295][air.kanna.mystorage.App.main(App.java:41)] - 3f1b799da9c24e1f90b8c7a1a03bd513
[INFO] [2019-09-09 16:45:00.000513][air.kanna.mystorage.App.main(App.java:45)] - use 9586 ms.
[INFO] [2019-09-09 16:46:23.000841][air.kanna.mystorage.App.main(App.java:46)] - umekvfeolu5rbh5t72foc05k5r6nkkro4p0bubtuhnut2uffaue
[INFO] [2019-09-09 16:46:57.000425][air.kanna.mystorage.App.main(App.java:35)] - use 0 ms.
[INFO] [2019-09-09 16:46:57.000441][air.kanna.mystorage.App.main(App.java:43)] - use 16 ms.
[INFO] [2019-09-09 16:46:57.000441][air.kanna.mystorage.App.main(App.java:44)] - 3f1b799da9c24e1f90b8c7a1a03bd513
[INFO] [2019-09-09 16:46:57.000456][air.kanna.mystorage.App.main(App.java:48)] - use 15 ms.
[INFO] [2019-09-09 16:46:57.000456][air.kanna.mystorage.App.main(App.java:49)] - umekvfeolu5rbh5t72foc05k5r6nkkro4p0bubtuhnut2uffaue
[INFO] [2019-09-09 16:47:10.000977][air.kanna.mystorage.App.main(App.java:35)] - use 0 ms.
[INFO] [2019-09-09 16:47:10.000992][air.kanna.mystorage.App.main(App.java:43)] - use 15 ms.
[INFO] [2019-09-09 16:47:10.000992][air.kanna.mystorage.App.main(App.java:44)] - 3f1b799da9c24e1f90b8c7a1a03bd513
[INFO] [2019-09-09 16:47:11.000008][air.kanna.mystorage.App.main(App.java:48)] - use 16 ms.
[INFO] [2019-09-09 16:47:11.000008][air.kanna.mystorage.App.main(App.java:49)] - umekvfeolu5rbh5t72foc05k5r6nkkro4p0bubtuhnut2uffaue
[INFO] [2019-09-09 16:47:16.000107][air.kanna.mystorage.App.main(App.java:35)] - use 0 ms.
[INFO] [2019-09-09 16:47:16.000107][air.kanna.mystorage.App.main(App.java:43)] - use 0 ms.
[INFO] [2019-09-09 16:47:16.000122][air.kanna.mystorage.App.main(App.java:44)] - 3f1b799da9c24e1f90b8c7a1a03bd513
[INFO] [2019-09-09 16:47:16.000138][air.kanna.mystorage.App.main(App.java:48)] - use 16 ms.
[INFO] [2019-09-09 16:47:16.000138][air.kanna.mystorage.App.main(App.java:49)] - umekvfeolu5rbh5t72foc05k5r6nkkro4p0bubtuhnut2uffaue
[INFO] [2019-09-09 16:47:19.000991][air.kanna.mystorage.App.main(App.java:35)] - use 0 ms.
[INFO] [2019-09-09 16:47:20.000006][air.kanna.mystorage.App.main(App.java:43)] - use 15 ms.
[INFO] [2019-09-09 16:47:20.000006][air.kanna.mystorage.App.main(App.java:44)] - 3f1b799da9c24e1f90b8c7a1a03bd513
[INFO] [2019-09-09 16:47:20.000022][air.kanna.mystorage.App.main(App.java:48)] - use 16 ms.
[INFO] [2019-09-09 16:47:20.000022][air.kanna.mystorage.App.main(App.java:49)] - umekvfeolu5rbh5t72foc05k5r6nkkro4p0bubtuhnut2uffaue
[INFO] [2019-09-09 16:47:23.000185][air.kanna.mystorage.App.main(App.java:35)] - use 0 ms.
[INFO] [2019-09-09 16:47:23.000185][air.kanna.mystorage.App.main(App.java:43)] - use 0 ms.
[INFO] [2019-09-09 16:47:23.000185][air.kanna.mystorage.App.main(App.java:44)] - 3f1b799da9c24e1f90b8c7a1a03bd513
[INFO] [2019-09-09 16:47:23.000200][air.kanna.mystorage.App.main(App.java:48)] - use 15 ms.
[INFO] [2019-09-09 16:47:23.000200][air.kanna.mystorage.App.main(App.java:49)] - umekvfeolu5rbh5t72foc05k5r6nkkro4p0bubtuhnut2uffaue
[INFO] [2019-09-09 17:07:19.000076][air.kanna.mystorage.App.main(App.java:35)] - use 0 ms.
[INFO] [2019-09-09 17:07:19.000091][air.kanna.mystorage.App.main(App.java:43)] - use 0 ms.
[INFO] [2019-09-09 17:07:19.000091][air.kanna.mystorage.App.main(App.java:44)] - 3f1b799da9c24e1f90b8c7a1a03bd513
[INFO] [2019-09-09 17:07:19.000107][air.kanna.mystorage.App.main(App.java:48)] - use 16 ms.
[INFO] [2019-09-09 17:07:19.000107][air.kanna.mystorage.App.main(App.java:49)] - 55547296624140729183688938246343355331320488012060500952459930832284342004686
[INFO] [2019-09-09 17:07:37.000835][air.kanna.mystorage.App.main(App.java:35)] - use 0 ms.
[INFO] [2019-09-09 17:07:37.000851][air.kanna.mystorage.App.main(App.java:43)] - use 0 ms.
[INFO] [2019-09-09 17:07:37.000851][air.kanna.mystorage.App.main(App.java:44)] - 3f1b799da9c24e1f90b8c7a1a03bd513
[INFO] [2019-09-09 17:07:37.000866][air.kanna.mystorage.App.main(App.java:48)] - use 15 ms.
[INFO] [2019-09-09 17:07:37.000866][air.kanna.mystorage.App.main(App.java:49)] - umekvfeolu5rbh5t72foc05k5r6nkkro4p0bubtuhnut2uffaue
[INFO] [2019-09-09 17:07:45.000123][air.kanna.mystorage.App.main(App.java:35)] - use 0 ms.
[INFO] [2019-09-09 17:07:45.000139][air.kanna.mystorage.App.main(App.java:43)] - use 16 ms.
[INFO] [2019-09-09 17:07:45.000139][air.kanna.mystorage.App.main(App.java:44)] - 3f1b799da9c24e1f90b8c7a1a03bd513
[INFO] [2019-09-09 17:07:45.000154][air.kanna.mystorage.App.main(App.java:48)] - use 15 ms.
[INFO] [2019-09-09 17:07:45.000154][air.kanna.mystorage.App.main(App.java:49)] - 55547296624140729183688938246343355331320488012060500952459930832284342004686
[INFO] [2019-09-09 17:22:32.000108][air.kanna.mystorage.App.main(App.java:37)] - use 0 ms.
[INFO] [2019-09-09 17:22:32.000124][air.kanna.mystorage.App.main(App.java:45)] - use 0 ms.
[INFO] [2019-09-09 17:22:32.000124][air.kanna.mystorage.App.main(App.java:46)] - 3f1b799da9c24e1f90b8c7a1a03bd513
[INFO] [2019-09-09 17:22:32.000124][air.kanna.mystorage.App.main(App.java:47)] - 3F1B799DA9C24E1F90B8C7A1A03BD513
[INFO] [2019-09-09 17:22:32.000140][air.kanna.mystorage.App.main(App.java:51)] - use 16 ms.
[INFO] [2019-09-09 17:22:32.000140][air.kanna.mystorage.App.main(App.java:52)] - umekvfeolu5rbh5t72foc05k5r6nkkro4p0bubtuhnut2uffaue
[INFO] [2019-09-09 17:22:32.000140][air.kanna.mystorage.App.main(App.java:53)] - 7ACEA7DEEC57C5DAE25E9C4FC3005A1766BD29BC13205F97DF46FEE8BCF7ABCE
[INFO] [2019-09-10 09:42:54.000109][air.kanna.mystorage.App.main(App.java:37)] - use 13 ms.
[INFO] [2019-09-10 09:42:54.000128][air.kanna.mystorage.App.main(App.java:45)] - use 4 ms.
[INFO] [2019-09-10 09:42:54.000129][air.kanna.mystorage.App.main(App.java:46)] - 3f1b799da9c24e1f90b8c7a1a03bd513
[INFO] [2019-09-10 09:42:54.000130][air.kanna.mystorage.App.main(App.java:47)] - 3F1B799DA9C24E1F90B8C7A1A03BD513
[INFO] [2019-09-10 09:42:54.000146][air.kanna.mystorage.App.main(App.java:51)] - use 16 ms.
[INFO] [2019-09-10 09:42:54.000146][air.kanna.mystorage.App.main(App.java:52)] - umekvfeolu5rbh5t72foc05k5r6nkkro4p0bubtuhnut2uffaue
[INFO] [2019-09-10 09:42:54.000146][air.kanna.mystorage.App.main(App.java:53)] - 7ACEA7DEEC57C5DAE25E9C4FC3005A1766BD29BC13205F97DF46FEE8BCF7ABCE
[INFO] [2019-09-10 09:42:54.000146][air.kanna.mystorage.App.main(App.java:59)] - 122 - 122
[INFO] [2019-09-10 09:42:54.000148][air.kanna.mystorage.App.main(App.java:59)] - -50 - -50
[INFO] [2019-09-10 09:42:54.000148][air.kanna.mystorage.App.main(App.java:59)] - -89 - -89
[INFO] [2019-09-10 09:42:54.000148][air.kanna.mystorage.App.main(App.java:59)] - -34 - -34
[INFO] [2019-09-10 09:42:54.000148][air.kanna.mystorage.App.main(App.java:59)] - -20 - -20
[INFO] [2019-09-10 09:42:54.000148][air.kanna.mystorage.App.main(App.java:59)] - 87 - 87
[INFO] [2019-09-10 09:42:54.000148][air.kanna.mystorage.App.main(App.java:59)] - -59 - -59
[INFO] [2019-09-10 09:42:54.000148][air.kanna.mystorage.App.main(App.java:59)] - -38 - -38
[INFO] [2019-09-10 09:42:54.000149][air.kanna.mystorage.App.main(App.java:59)] - -30 - -30
[INFO] [2019-09-10 09:42:54.000149][air.kanna.mystorage.App.main(App.java:59)] - 94 - 94
[INFO] [2019-09-10 09:42:54.000149][air.kanna.mystorage.App.main(App.java:59)] - -100 - -100
[INFO] [2019-09-10 09:42:54.000150][air.kanna.mystorage.App.main(App.java:59)] - 79 - 79
[INFO] [2019-09-10 09:42:54.000150][air.kanna.mystorage.App.main(App.java:59)] - -61 - -61
[INFO] [2019-09-10 09:42:54.000150][air.kanna.mystorage.App.main(App.java:59)] - 0 - 0
[INFO] [2019-09-10 09:42:54.000150][air.kanna.mystorage.App.main(App.java:59)] - 90 - 90
[INFO] [2019-09-10 09:42:54.000150][air.kanna.mystorage.App.main(App.java:59)] - 23 - 23
[INFO] [2019-09-10 09:42:54.000150][air.kanna.mystorage.App.main(App.java:59)] - 102 - 102
[INFO] [2019-09-10 09:42:54.000150][air.kanna.mystorage.App.main(App.java:59)] - -67 - -67
[INFO] [2019-09-10 09:42:54.000150][air.kanna.mystorage.App.main(App.java:59)] - 41 - 41
[INFO] [2019-09-10 09:42:54.000150][air.kanna.mystorage.App.main(App.java:59)] - -68 - -68
[INFO] [2019-09-10 09:42:54.000151][air.kanna.mystorage.App.main(App.java:59)] - 19 - 19
[INFO] [2019-09-10 09:42:54.000151][air.kanna.mystorage.App.main(App.java:59)] - 32 - 32
[INFO] [2019-09-10 09:42:54.000151][air.kanna.mystorage.App.main(App.java:59)] - 95 - 95
[INFO] [2019-09-10 09:42:54.000151][air.kanna.mystorage.App.main(App.java:59)] - -105 - -105
[INFO] [2019-09-10 09:42:54.000151][air.kanna.mystorage.App.main(App.java:59)] - -33 - -33
[INFO] [2019-09-10 09:42:54.000151][air.kanna.mystorage.App.main(App.java:59)] - 70 - 70
[INFO] [2019-09-10 09:42:54.000151][air.kanna.mystorage.App.main(App.java:59)] - -2 - -2
[INFO] [2019-09-10 09:42:54.000151][air.kanna.mystorage.App.main(App.java:59)] - -24 - -24
[INFO] [2019-09-10 09:42:54.000152][air.kanna.mystorage.App.main(App.java:59)] - -68 - -68
[INFO] [2019-09-10 09:42:54.000152][air.kanna.mystorage.App.main(App.java:59)] - -9 - -9
[INFO] [2019-09-10 09:42:54.000152][air.kanna.mystorage.App.main(App.java:59)] - -85 - -85
[INFO] [2019-09-10 09:42:54.000152][air.kanna.mystorage.App.main(App.java:59)] - -50 - -50
[INFO] [2019-09-11 11:31:00.000665][air.kanna.mystorage.App.main(App.java:37)] - use 15 ms.
[INFO] [2019-09-11 11:31:00.000681][air.kanna.mystorage.App.main(App.java:45)] - use 16 ms.
[INFO] [2019-09-11 11:31:00.000681][air.kanna.mystorage.App.main(App.java:46)] - 3f1b799da9c24e1f90b8c7a1a03bd513
[INFO] [2019-09-11 11:31:00.000681][air.kanna.mystorage.App.main(App.java:47)] - 3F1B799DA9C24E1F90B8C7A1A03BD513
[INFO] [2019-09-11 11:31:00.000696][air.kanna.mystorage.App.main(App.java:51)] - use 15 ms.
[INFO] [2019-09-11 11:31:00.000696][air.kanna.mystorage.App.main(App.java:52)] - umekvfeolu5rbh5t72foc05k5r6nkkro4p0bubtuhnut2uffaue
[INFO] [2019-09-11 11:31:00.000696][air.kanna.mystorage.App.main(App.java:53)] - 7ACEA7DEEC57C5DAE25E9C4FC3005A1766BD29BC13205F97DF46FEE8BCF7ABCE
[INFO] [2019-09-11 11:31:00.000696][air.kanna.mystorage.App.main(App.java:59)] - 122 - 122
[INFO] [2019-09-11 11:31:00.000696][air.kanna.mystorage.App.main(App.java:59)] - -50 - -50
[INFO] [2019-09-11 11:31:00.000696][air.kanna.mystorage.App.main(App.java:59)] - -89 - -89
[INFO] [2019-09-11 11:31:00.000696][air.kanna.mystorage.App.main(App.java:59)] - -34 - -34
[INFO] [2019-09-11 11:31:00.000696][air.kanna.mystorage.App.main(App.java:59)] - -20 - -20
[INFO] [2019-09-11 11:31:00.000696][air.kanna.mystorage.App.main(App.java:59)] - 87 - 87
[INFO] [2019-09-11 11:31:00.000696][air.kanna.mystorage.App.main(App.java:59)] - -59 - -59
[INFO] [2019-09-11 11:31:00.000696][air.kanna.mystorage.App.main(App.java:59)] - -38 - -38
[INFO] [2019-09-11 11:31:00.000696][air.kanna.mystorage.App.main(App.java:59)] - -30 - -30
[INFO] [2019-09-11 11:31:00.000696][air.kanna.mystorage.App.main(App.java:59)] - 94 - 94
[INFO] [2019-09-11 11:31:00.000696][air.kanna.mystorage.App.main(App.java:59)] - -100 - -100
[INFO] [2019-09-11 11:31:00.000696][air.kanna.mystorage.App.main(App.java:59)] - 79 - 79
[INFO] [2019-09-11 11:31:00.000696][air.kanna.mystorage.App.main(App.java:59)] - -61 - -61
[INFO] [2019-09-11 11:31:00.000696][air.kanna.mystorage.App.main(App.java:59)] - 0 - 0
[INFO] [2019-09-11 11:31:00.000696][air.kanna.mystorage.App.main(App.java:59)] - 90 - 90
[INFO] [2019-09-11 11:31:00.000696][air.kanna.mystorage.App.main(App.java:59)] - 23 - 23
[INFO] [2019-09-11 11:31:00.000696][air.kanna.mystorage.App.main(App.java:59)] - 102 - 102
[INFO] [2019-09-11 11:31:00.000696][air.kanna.mystorage.App.main(App.java:59)] - -67 - -67
[INFO] [2019-09-11 11:31:00.000696][air.kanna.mystorage.App.main(App.java:59)] - 41 - 41
[INFO] [2019-09-11 11:31:00.000696][air.kanna.mystorage.App.main(App.java:59)] - -68 - -68
[INFO] [2019-09-11 11:31:00.000696][air.kanna.mystorage.App.main(App.java:59)] - 19 - 19
[INFO] [2019-09-11 11:31:00.000696][air.kanna.mystorage.App.main(App.java:59)] - 32 - 32
[INFO] [2019-09-11 11:31:00.000696][air.kanna.mystorage.App.main(App.java:59)] - 95 - 95
[INFO] [2019-09-11 11:31:00.000696][air.kanna.mystorage.App.main(App.java:59)] - -105 - -105
[INFO] [2019-09-11 11:31:00.000696][air.kanna.mystorage.App.main(App.java:59)] - -33 - -33
[INFO] [2019-09-11 11:31:00.000696][air.kanna.mystorage.App.main(App.java:59)] - 70 - 70
[INFO] [2019-09-11 11:31:00.000696][air.kanna.mystorage.App.main(App.java:59)] - -2 - -2
[INFO] [2019-09-11 11:31:00.000696][air.kanna.mystorage.App.main(App.java:59)] - -24 - -24
[INFO] [2019-09-11 11:31:00.000696][air.kanna.mystorage.App.main(App.java:59)] - -68 - -68
[INFO] [2019-09-11 11:31:00.000696][air.kanna.mystorage.App.main(App.java:59)] - -9 - -9
[INFO] [2019-09-11 11:31:00.000696][air.kanna.mystorage.App.main(App.java:59)] - -85 - -85
[INFO] [2019-09-11 11:31:00.000696][air.kanna.mystorage.App.main(App.java:59)] - -50 - -50
[INFO] [2019-09-11 11:32:02.000482][air.kanna.mystorage.App.main(App.java:37)] - use 0 ms.
[INFO] [2019-09-11 11:32:02.000497][air.kanna.mystorage.App.main(App.java:45)] - use 15 ms.
[INFO] [2019-09-11 11:32:02.000497][air.kanna.mystorage.App.main(App.java:46)] - 3f1b799da9c24e1f90b8c7a1a03bd513
[INFO] [2019-09-11 11:32:02.000497][air.kanna.mystorage.App.main(App.java:47)] - 3F1B799DA9C24E1F90B8C7A1A03BD513
[INFO] [2019-09-11 11:32:02.000513][air.kanna.mystorage.App.main(App.java:51)] - use 16 ms.
[INFO] [2019-09-11 11:32:02.000513][air.kanna.mystorage.App.main(App.java:52)] - umekvfeolu5rbh5t72foc05k5r6nkkro4p0bubtuhnut2uffaue
[INFO] [2019-09-11 11:32:02.000513][air.kanna.mystorage.App.main(App.java:53)] - 7ACEA7DEEC57C5DAE25E9C4FC3005A1766BD29BC13205F97DF46FEE8BCF7ABCE
[INFO] [2019-09-11 11:32:02.000513][air.kanna.mystorage.App.main(App.java:59)] - 122 - 122
[INFO] [2019-09-11 11:32:02.000513][air.kanna.mystorage.App.main(App.java:59)] - -50 - -50
[INFO] [2019-09-11 11:32:02.000513][air.kanna.mystorage.App.main(App.java:59)] - -89 - -89
[INFO] [2019-09-11 11:32:02.000513][air.kanna.mystorage.App.main(App.java:59)] - -34 - -34
[INFO] [2019-09-11 11:32:02.000513][air.kanna.mystorage.App.main(App.java:59)] - -20 - -20
[INFO] [2019-09-11 11:32:02.000513][air.kanna.mystorage.App.main(App.java:59)] - 87 - 87
[INFO] [2019-09-11 11:32:02.000513][air.kanna.mystorage.App.main(App.java:59)] - -59 - -59
[INFO] [2019-09-11 11:32:02.000513][air.kanna.mystorage.App.main(App.java:59)] - -38 - -38
[INFO] [2019-09-11 11:32:02.000513][air.kanna.mystorage.App.main(App.java:59)] - -30 - -30
[INFO] [2019-09-11 11:32:02.000513][air.kanna.mystorage.App.main(App.java:59)] - 94 - 94
[INFO] [2019-09-11 11:32:02.000513][air.kanna.mystorage.App.main(App.java:59)] - -100 - -100
[INFO] [2019-09-11 11:32:02.000513][air.kanna.mystorage.App.main(App.java:59)] - 79 - 79
[INFO] [2019-09-11 11:32:02.000513][air.kanna.mystorage.App.main(App.java:59)] - -61 - -61
[INFO] [2019-09-11 11:32:02.000513][air.kanna.mystorage.App.main(App.java:59)] - 0 - 0
[INFO] [2019-09-11 11:32:02.000513][air.kanna.mystorage.App.main(App.java:59)] - 90 - 90
[INFO] [2019-09-11 11:32:02.000513][air.kanna.mystorage.App.main(App.java:59)] - 23 - 23
[INFO] [2019-09-11 11:32:02.000513][air.kanna.mystorage.App.main(App.java:59)] - 102 - 102
[INFO] [2019-09-11 11:32:02.000513][air.kanna.mystorage.App.main(App.java:59)] - -67 - -67
[INFO] [2019-09-11 11:32:02.000513][air.kanna.mystorage.App.main(App.java:59)] - 41 - 41
[INFO] [2019-09-11 11:32:02.000513][air.kanna.mystorage.App.main(App.java:59)] - -68 - -68
[INFO] [2019-09-11 11:32:02.000513][air.kanna.mystorage.App.main(App.java:59)] - 19 - 19
[INFO] [2019-09-11 11:32:02.000513][air.kanna.mystorage.App.main(App.java:59)] - 32 - 32
[INFO] [2019-09-11 11:32:02.000513][air.kanna.mystorage.App.main(App.java:59)] - 95 - 95
[INFO] [2019-09-11 11:32:02.000513][air.kanna.mystorage.App.main(App.java:59)] - -105 - -105
[INFO] [2019-09-11 11:32:02.000513][air.kanna.mystorage.App.main(App.java:59)] - -33 - -33
[INFO] [2019-09-11 11:32:02.000513][air.kanna.mystorage.App.main(App.java:59)] - 70 - 70
[INFO] [2019-09-11 11:32:02.000513][air.kanna.mystorage.App.main(App.java:59)] - -2 - -2
[INFO] [2019-09-11 11:32:02.000513][air.kanna.mystorage.App.main(App.java:59)] - -24 - -24
[INFO] [2019-09-11 11:32:02.000513][air.kanna.mystorage.App.main(App.java:59)] - -68 - -68
[INFO] [2019-09-11 11:32:02.000513][air.kanna.mystorage.App.main(App.java:59)] - -9 - -9
[INFO] [2019-09-11 11:32:02.000513][air.kanna.mystorage.App.main(App.java:59)] - -85 - -85
[INFO] [2019-09-11 11:32:02.000513][air.kanna.mystorage.App.main(App.java:59)] - -50 - -50
[INFO] [2019-09-11 11:32:02.000513][air.kanna.mystorage.App.main(App.java:64)] - 4961894156191489165
[INFO] [2019-09-11 11:32:11.000342][air.kanna.mystorage.App.main(App.java:37)] - use 0 ms.
[INFO] [2019-09-11 11:32:11.000357][air.kanna.mystorage.App.main(App.java:45)] - use 0 ms.
[INFO] [2019-09-11 11:32:11.000357][air.kanna.mystorage.App.main(App.java:46)] - 3f1b799da9c24e1f90b8c7a1a03bd513
[INFO] [2019-09-11 11:32:11.000357][air.kanna.mystorage.App.main(App.java:47)] - 3F1B799DA9C24E1F90B8C7A1A03BD513
[INFO] [2019-09-11 11:32:11.000373][air.kanna.mystorage.App.main(App.java:51)] - use 16 ms.
[INFO] [2019-09-11 11:32:11.000373][air.kanna.mystorage.App.main(App.java:52)] - umekvfeolu5rbh5t72foc05k5r6nkkro4p0bubtuhnut2uffaue
[INFO] [2019-09-11 11:32:11.000373][air.kanna.mystorage.App.main(App.java:53)] - 7ACEA7DEEC57C5DAE25E9C4FC3005A1766BD29BC13205F97DF46FEE8BCF7ABCE
[INFO] [2019-09-11 11:32:11.000373][air.kanna.mystorage.App.main(App.java:59)] - 122 - 122
[INFO] [2019-09-11 11:32:11.000373][air.kanna.mystorage.App.main(App.java:59)] - -50 - -50
[INFO] [2019-09-11 11:32:11.000373][air.kanna.mystorage.App.main(App.java:59)] - -89 - -89
[INFO] [2019-09-11 11:32:11.000373][air.kanna.mystorage.App.main(App.java:59)] - -34 - -34
[INFO] [2019-09-11 11:32:11.000373][air.kanna.mystorage.App.main(App.java:59)] - -20 - -20
[INFO] [2019-09-11 11:32:11.000373][air.kanna.mystorage.App.main(App.java:59)] - 87 - 87
[INFO] [2019-09-11 11:32:11.000373][air.kanna.mystorage.App.main(App.java:59)] - -59 - -59
[INFO] [2019-09-11 11:32:11.000373][air.kanna.mystorage.App.main(App.java:59)] - -38 - -38
[INFO] [2019-09-11 11:32:11.000373][air.kanna.mystorage.App.main(App.java:59)] - -30 - -30
[INFO] [2019-09-11 11:32:11.000373][air.kanna.mystorage.App.main(App.java:59)] - 94 - 94
[INFO] [2019-09-11 11:32:11.000373][air.kanna.mystorage.App.main(App.java:59)] - -100 - -100
[INFO] [2019-09-11 11:32:11.000373][air.kanna.mystorage.App.main(App.java:59)] - 79 - 79
[INFO] [2019-09-11 11:32:11.000373][air.kanna.mystorage.App.main(App.java:59)] - -61 - -61
[INFO] [2019-09-11 11:32:11.000373][air.kanna.mystorage.App.main(App.java:59)] - 0 - 0
[INFO] [2019-09-11 11:32:11.000373][air.kanna.mystorage.App.main(App.java:59)] - 90 - 90
[INFO] [2019-09-11 11:32:11.000373][air.kanna.mystorage.App.main(App.java:59)] - 23 - 23
[INFO] [2019-09-11 11:32:11.000373][air.kanna.mystorage.App.main(App.java:59)] - 102 - 102
[INFO] [2019-09-11 11:32:11.000373][air.kanna.mystorage.App.main(App.java:59)] - -67 - -67
[INFO] [2019-09-11 11:32:11.000373][air.kanna.mystorage.App.main(App.java:59)] - 41 - 41
[INFO] [2019-09-11 11:32:11.000373][air.kanna.mystorage.App.main(App.java:59)] - -68 - -68
[INFO] [2019-09-11 11:32:11.000373][air.kanna.mystorage.App.main(App.java:59)] - 19 - 19
[INFO] [2019-09-11 11:32:11.000373][air.kanna.mystorage.App.main(App.java:59)] - 32 - 32
[INFO] [2019-09-11 11:32:11.000373][air.kanna.mystorage.App.main(App.java:59)] - 95 - 95
[INFO] [2019-09-11 11:32:11.000373][air.kanna.mystorage.App.main(App.java:59)] - -105 - -105
[INFO] [2019-09-11 11:32:11.000373][air.kanna.mystorage.App.main(App.java:59)] - -33 - -33
[INFO] [2019-09-11 11:32:11.000373][air.kanna.mystorage.App.main(App.java:59)] - 70 - 70
[INFO] [2019-09-11 11:32:11.000373][air.kanna.mystorage.App.main(App.java:59)] - -2 - -2
[INFO] [2019-09-11 11:32:11.000373][air.kanna.mystorage.App.main(App.java:59)] - -24 - -24
[INFO] [2019-09-11 11:32:11.000373][air.kanna.mystorage.App.main(App.java:59)] - -68 - -68
[INFO] [2019-09-11 11:32:11.000373][air.kanna.mystorage.App.main(App.java:59)] - -9 - -9
[INFO] [2019-09-11 11:32:11.000373][air.kanna.mystorage.App.main(App.java:59)] - -85 - -85
[INFO] [2019-09-11 11:32:11.000373][air.kanna.mystorage.App.main(App.java:59)] - -50 - -50
[INFO] [2019-09-11 11:32:11.000373][air.kanna.mystorage.App.main(App.java:64)] - -4961894156191489165
[INFO] [2019-09-11 11:57:29.000781][air.kanna.mystorage.App.main(App.java:38)] - use 0 ms.
[INFO] [2019-09-11 11:57:29.000796][air.kanna.mystorage.App.main(App.java:46)] - use 0 ms.
[INFO] [2019-09-11 11:57:29.000796][air.kanna.mystorage.App.main(App.java:47)] - 3f1b799da9c24e1f90b8c7a1a03bd513
[INFO] [2019-09-11 11:57:29.000796][air.kanna.mystorage.App.main(App.java:48)] - 3F1B799DA9C24E1F90B8C7A1A03BD513
[INFO] [2019-09-11 11:57:29.000812][air.kanna.mystorage.App.main(App.java:52)] - use 16 ms.
[INFO] [2019-09-11 11:57:29.000812][air.kanna.mystorage.App.main(App.java:53)] - umekvfeolu5rbh5t72foc05k5r6nkkro4p0bubtuhnut2uffaue
[INFO] [2019-09-11 11:57:29.000812][air.kanna.mystorage.App.main(App.java:54)] - 7ACEA7DEEC57C5DAE25E9C4FC3005A1766BD29BC13205F97DF46FEE8BCF7ABCE
[INFO] [2019-09-11 11:57:29.000812][air.kanna.mystorage.App.main(App.java:60)] - 122 - 122
[INFO] [2019-09-11 11:57:29.000812][air.kanna.mystorage.App.main(App.java:60)] - -50 - -50
[INFO] [2019-09-11 11:57:29.000812][air.kanna.mystorage.App.main(App.java:60)] - -89 - -89
[INFO] [2019-09-11 11:57:29.000812][air.kanna.mystorage.App.main(App.java:60)] - -34 - -34
[INFO] [2019-09-11 11:57:29.000812][air.kanna.mystorage.App.main(App.java:60)] - -20 - -20
[INFO] [2019-09-11 11:57:29.000812][air.kanna.mystorage.App.main(App.java:60)] - 87 - 87
[INFO] [2019-09-11 11:57:29.000812][air.kanna.mystorage.App.main(App.java:60)] - -59 - -59
[INFO] [2019-09-11 11:57:29.000812][air.kanna.mystorage.App.main(App.java:60)] - -38 - -38
[INFO] [2019-09-11 11:57:29.000812][air.kanna.mystorage.App.main(App.java:60)] - -30 - -30
[INFO] [2019-09-11 11:57:29.000812][air.kanna.mystorage.App.main(App.java:60)] - 94 - 94
[INFO] [2019-09-11 11:57:29.000812][air.kanna.mystorage.App.main(App.java:60)] - -100 - -100
[INFO] [2019-09-11 11:57:29.000812][air.kanna.mystorage.App.main(App.java:60)] - 79 - 79
[INFO] [2019-09-11 11:57:29.000812][air.kanna.mystorage.App.main(App.java:60)] - -61 - -61
[INFO] [2019-09-11 11:57:29.000812][air.kanna.mystorage.App.main(App.java:60)] - 0 - 0
[INFO] [2019-09-11 11:57:29.000812][air.kanna.mystorage.App.main(App.java:60)] - 90 - 90
[INFO] [2019-09-11 11:57:29.000812][air.kanna.mystorage.App.main(App.java:60)] - 23 - 23
[INFO] [2019-09-11 11:57:29.000812][air.kanna.mystorage.App.main(App.java:60)] - 102 - 102
[INFO] [2019-09-11 11:57:29.000812][air.kanna.mystorage.App.main(App.java:60)] - -67 - -67
[INFO] [2019-09-11 11:57:29.000812][air.kanna.mystorage.App.main(App.java:60)] - 41 - 41
[INFO] [2019-09-11 11:57:29.000812][air.kanna.mystorage.App.main(App.java:60)] - -68 - -68
[INFO] [2019-09-11 11:57:29.000812][air.kanna.mystorage.App.main(App.java:60)] - 19 - 19
[INFO] [2019-09-11 11:57:29.000812][air.kanna.mystorage.App.main(App.java:60)] - 32 - 32
[INFO] [2019-09-11 11:57:29.000812][air.kanna.mystorage.App.main(App.java:60)] - 95 - 95
[INFO] [2019-09-11 11:57:29.000812][air.kanna.mystorage.App.main(App.java:60)] - -105 - -105
[INFO] [2019-09-11 11:57:29.000812][air.kanna.mystorage.App.main(App.java:60)] - -33 - -33
[INFO] [2019-09-11 11:57:29.000812][air.kanna.mystorage.App.main(App.java:60)] - 70 - 70
[INFO] [2019-09-11 11:57:29.000812][air.kanna.mystorage.App.main(App.java:60)] - -2 - -2
[INFO] [2019-09-11 11:57:29.000812][air.kanna.mystorage.App.main(App.java:60)] - -24 - -24
[INFO] [2019-09-11 11:57:29.000812][air.kanna.mystorage.App.main(App.java:60)] - -68 - -68
[INFO] [2019-09-11 11:57:29.000812][air.kanna.mystorage.App.main(App.java:60)] - -9 - -9
[INFO] [2019-09-11 11:57:29.000812][air.kanna.mystorage.App.main(App.java:60)] - -85 - -85
[INFO] [2019-09-11 11:57:29.000812][air.kanna.mystorage.App.main(App.java:60)] - -50 - -50
[INFO] [2019-09-11 11:57:29.000812][air.kanna.mystorage.App.main(App.java:65)] - -4961894156191489165
[INFO] [2019-09-11 11:57:29.000812][air.kanna.mystorage.App.main(App.java:67)] - 201-90-60 71:22:356
[INFO] [2019-09-11 11:57:51.000694][air.kanna.mystorage.App.main(App.java:38)] - use 0 ms.
[INFO] [2019-09-11 11:57:51.000710][air.kanna.mystorage.App.main(App.java:46)] - use 16 ms.
[INFO] [2019-09-11 11:57:51.000710][air.kanna.mystorage.App.main(App.java:47)] - 3f1b799da9c24e1f90b8c7a1a03bd513
[INFO] [2019-09-11 11:57:51.000710][air.kanna.mystorage.App.main(App.java:48)] - 3F1B799DA9C24E1F90B8C7A1A03BD513
[INFO] [2019-09-11 11:57:51.000725][air.kanna.mystorage.App.main(App.java:52)] - use 15 ms.
[INFO] [2019-09-11 11:57:51.000725][air.kanna.mystorage.App.main(App.java:53)] - umekvfeolu5rbh5t72foc05k5r6nkkro4p0bubtuhnut2uffaue
[INFO] [2019-09-11 11:57:51.000725][air.kanna.mystorage.App.main(App.java:54)] - 7ACEA7DEEC57C5DAE25E9C4FC3005A1766BD29BC13205F97DF46FEE8BCF7ABCE
[INFO] [2019-09-11 11:57:51.000725][air.kanna.mystorage.App.main(App.java:60)] - 122 - 122
[INFO] [2019-09-11 11:57:51.000725][air.kanna.mystorage.App.main(App.java:60)] - -50 - -50
[INFO] [2019-09-11 11:57:51.000725][air.kanna.mystorage.App.main(App.java:60)] - -89 - -89
[INFO] [2019-09-11 11:57:51.000725][air.kanna.mystorage.App.main(App.java:60)] - -34 - -34
[INFO] [2019-09-11 11:57:51.000725][air.kanna.mystorage.App.main(App.java:60)] - -20 - -20
[INFO] [2019-09-11 11:57:51.000725][air.kanna.mystorage.App.main(App.java:60)] - 87 - 87
[INFO] [2019-09-11 11:57:51.000725][air.kanna.mystorage.App.main(App.java:60)] - -59 - -59
[INFO] [2019-09-11 11:57:51.000725][air.kanna.mystorage.App.main(App.java:60)] - -38 - -38
[INFO] [2019-09-11 11:57:51.000725][air.kanna.mystorage.App.main(App.java:60)] - -30 - -30
[INFO] [2019-09-11 11:57:51.000725][air.kanna.mystorage.App.main(App.java:60)] - 94 - 94
[INFO] [2019-09-11 11:57:51.000725][air.kanna.mystorage.App.main(App.java:60)] - -100 - -100
[INFO] [2019-09-11 11:57:51.000725][air.kanna.mystorage.App.main(App.java:60)] - 79 - 79
[INFO] [2019-09-11 11:57:51.000725][air.kanna.mystorage.App.main(App.java:60)] - -61 - -61
[INFO] [2019-09-11 11:57:51.000725][air.kanna.mystorage.App.main(App.java:60)] - 0 - 0
[INFO] [2019-09-11 11:57:51.000725][air.kanna.mystorage.App.main(App.java:60)] - 90 - 90
[INFO] [2019-09-11 11:57:51.000725][air.kanna.mystorage.App.main(App.java:60)] - 23 - 23
[INFO] [2019-09-11 11:57:51.000725][air.kanna.mystorage.App.main(App.java:60)] - 102 - 102
[INFO] [2019-09-11 11:57:51.000725][air.kanna.mystorage.App.main(App.java:60)] - -67 - -67
[INFO] [2019-09-11 11:57:51.000725][air.kanna.mystorage.App.main(App.java:60)] - 41 - 41
[INFO] [2019-09-11 11:57:51.000725][air.kanna.mystorage.App.main(App.java:60)] - -68 - -68
[INFO] [2019-09-11 11:57:51.000725][air.kanna.mystorage.App.main(App.java:60)] - 19 - 19
[INFO] [2019-09-11 11:57:51.000725][air.kanna.mystorage.App.main(App.java:60)] - 32 - 32
[INFO] [2019-09-11 11:57:51.000725][air.kanna.mystorage.App.main(App.java:60)] - 95 - 95
[INFO] [2019-09-11 11:57:51.000725][air.kanna.mystorage.App.main(App.java:60)] - -105 - -105
[INFO] [2019-09-11 11:57:51.000725][air.kanna.mystorage.App.main(App.java:60)] - -33 - -33
[INFO] [2019-09-11 11:57:51.000725][air.kanna.mystorage.App.main(App.java:60)] - 70 - 70
[INFO] [2019-09-11 11:57:51.000725][air.kanna.mystorage.App.main(App.java:60)] - -2 - -2
[INFO] [2019-09-11 11:57:51.000725][air.kanna.mystorage.App.main(App.java:60)] - -24 - -24
[INFO] [2019-09-11 11:57:51.000725][air.kanna.mystorage.App.main(App.java:60)] - -68 - -68
[INFO] [2019-09-11 11:57:51.000725][air.kanna.mystorage.App.main(App.java:60)] - -9 - -9
[INFO] [2019-09-11 11:57:51.000725][air.kanna.mystorage.App.main(App.java:60)] - -85 - -85
[INFO] [2019-09-11 11:57:51.000725][air.kanna.mystorage.App.main(App.java:60)] - -50 - -50
[INFO] [2019-09-11 11:57:51.000725][air.kanna.mystorage.App.main(App.java:65)] - -4961894156191489165
[INFO] [2019-09-11 11:57:51.000725][air.kanna.mystorage.App.main(App.java:67)] - 2019-06-07 12:23:56
